Using pre-set license
Built from '2022.3/staging' branch; Version is '2022.3.15f1 (b58023a2b463) revision 11894819'; Using compiler version '192829333'; Build Type 'Release'
OS: 'Windows 10  (10.0.19045) 64bit Professional' Language: 'uk' Physical Memory: 16288 MB
BatchMode: 1, IsHumanControllingUs: 0, StartBugReporterOnCrash: 0, Is64bit: 1, IsPro: 1

COMMAND LINE ARGUMENTS:
D:\Unity\Editors\2022.3.15f1\Editor\Unity.exe
-adb2
-batchMode
-noUpm
-name
AssetImportWorker6
-projectPath
D:/SoftTeam/Repozitories/MyProject_3_CastleBuilders/CastleBuilders
-logFile
Logs/AssetImportWorker6.log
-srvPort
59298
Successfully changed project path to: D:/SoftTeam/Repozitories/MyProject_3_CastleBuilders/CastleBuilders
D:/SoftTeam/Repozitories/MyProject_3_CastleBuilders/CastleBuilders
[UnityMemory] Configuration Parameters - Can be set up in boot.config
    "memorysetup-bucket-allocator-granularity=16"
    "memorysetup-bucket-allocator-bucket-count=8"
    "memorysetup-bucket-allocator-block-size=33554432"
    "memorysetup-bucket-allocator-block-count=8"
    "memorysetup-main-allocator-block-size=16777216"
    "memorysetup-thread-allocator-block-size=16777216"
    "memorysetup-gfx-main-allocator-block-size=16777216"
    "memorysetup-gfx-thread-allocator-block-size=16777216"
    "memorysetup-cache-allocator-block-size=4194304"
    "memorysetup-typetree-allocator-block-size=2097152"
    "memorysetup-profiler-bucket-allocator-granularity=16"
    "memorysetup-profiler-bucket-allocator-bucket-count=8"
    "memorysetup-profiler-bucket-allocator-block-size=33554432"
    "memorysetup-profiler-bucket-allocator-block-count=8"
    "memorysetup-profiler-allocator-block-size=16777216"
    "memorysetup-profiler-editor-allocator-block-size=1048576"
    "memorysetup-temp-allocator-size-main=16777216"
    "memorysetup-job-temp-allocator-block-size=2097152"
    "memorysetup-job-temp-allocator-block-size-background=1048576"
    "memorysetup-job-temp-allocator-reduction-small-platforms=262144"
    "memorysetup-allocator-temp-initial-block-size-main=262144"
    "memorysetup-allocator-temp-initial-block-size-worker=262144"
    "memorysetup-temp-allocator-size-background-worker=32768"
    "memorysetup-temp-allocator-size-job-worker=262144"
    "memorysetup-temp-allocator-size-preload-manager=33554432"
    "memorysetup-temp-allocator-size-nav-mesh-worker=65536"
    "memorysetup-temp-allocator-size-audio-worker=65536"
    "memorysetup-temp-allocator-size-cloud-worker=32768"
    "memorysetup-temp-allocator-size-gi-baking-worker=262144"
    "memorysetup-temp-allocator-size-gfx=262144"
Player connection [25628] Host "[IP] 192.168.1.105 [Port] 0 [Flags] 2 [Guid] 3746581675 [EditorId] 3746581675 [Version] 1048832 [Id] WindowsEditor(7,DESKTOP-M5RIVGM) [Debug] 1 [PackageName] WindowsEditor [ProjectName] Editor" joined multi-casting on [225.0.0.222:54997]...

Player connection [25628] Host "[IP] 192.168.1.105 [Port] 0 [Flags] 2 [Guid] 3746581675 [EditorId] 3746581675 [Version] 1048832 [Id] WindowsEditor(7,DESKTOP-M5RIVGM) [Debug] 1 [PackageName] WindowsEditor [ProjectName] Editor" joined alternative multi-casting on [225.0.0.222:34997]...

[Physics::Module] Initialized MultithreadedJobDispatcher with 15 workers.
Refreshing native plugins compatible for Editor in 12.45 ms, found 4 plugins.
Preloading 0 native plugins for Editor in 0.00 ms.
Initialize engine version: 2022.3.15f1 (b58023a2b463)
[Subsystems] Discovering subsystems at path D:/Unity/Editors/2022.3.15f1/Editor/Data/Resources/UnitySubsystems
[Subsystems] Discovering subsystems at path D:/SoftTeam/Repozitories/MyProject_3_CastleBuilders/CastleBuilders/Assets
GfxDevice: creating device client; threaded=0; jobified=0
Direct3D:
    Version:  Direct3D 11.0 [level 11.1]
    Renderer: NVIDIA GeForce RTX 3070 (ID=0x2488)
    Vendor:   NVIDIA
    VRAM:     8018 MB
    Driver:   32.0.15.6636
Initialize mono
Mono path[0] = 'D:/Unity/Editors/2022.3.15f1/Editor/Data/Managed'
Mono path[1] = 'D:/Unity/Editors/2022.3.15f1/Editor/Data/MonoBleedingEdge/lib/mono/unityjit-win32'
Mono config path = 'D:/Unity/Editors/2022.3.15f1/Editor/Data/MonoBleedingEdge/etc'
Using monoOptions --debugger-agent=transport=dt_socket,embedding=1,server=y,suspend=n,address=127.0.0.1:56188
Begin MonoManager ReloadAssembly
Registering precompiled unity dll's ...
Register platform support module: D:/Unity/Editors/2022.3.15f1/Editor/Data/PlaybackEngines/WebGLSupport/UnityEditor.WebGL.Extensions.dll
Register platform support module: D:/Unity/Editors/2022.3.15f1/Editor/Data/PlaybackEngines/AndroidPlayer/UnityEditor.Android.Extensions.dll
Register platform support module: D:/Unity/Editors/2022.3.15f1/Editor/Data/PlaybackEngines/iOSSupport/UnityEditor.iOS.Extensions.dll
Register platform support module: D:/Unity/Editors/2022.3.15f1/Editor/Data/PlaybackEngines/WindowsStandaloneSupport/UnityEditor.WindowsStandalone.Extensions.dll
Register platform support module: D:/Unity/Editors/2022.3.15f1/Editor/Data/PlaybackEngines/MetroSupport/UnityEditor.UWP.Extensions.dll
Registered in 0.005914 seconds.
- Loaded All Assemblies, in  0.254 seconds
Native extension for UWP target not found
Native extension for WindowsStandalone target not found
[usbmuxd] Start listen thread
[usbmuxd] Listen thread started
Native extension for iOS target not found
Native extension for Android target not found
Android Extension - Scanning For ADB Devices 190 ms
Native extension for WebGL target not found
Mono: successfully reloaded assembly
- Finished resetting the current domain, in  0.447 seconds
Domain Reload Profiling: 700ms
	BeginReloadAssembly (77ms)
		ExecutionOrderSort (0ms)
		DisableScriptedObjects (0ms)
		BackupInstance (0ms)
		ReleaseScriptingObjects (0ms)
		CreateAndSetChildDomain (1ms)
	RebuildCommonClasses (24ms)
	RebuildNativeTypeToScriptingClass (7ms)
	initialDomainReloadingComplete (40ms)
	LoadAllAssembliesAndSetupDomain (105ms)
		LoadAssemblies (78ms)
		RebuildTransferFunctionScriptingTraits (0ms)
		AnalyzeDomain (103ms)
			TypeCache.Refresh (102ms)
				TypeCache.ScanAssembly (92ms)
			ScanForSourceGeneratedMonoScriptInfo (0ms)
			ResolveRequiredComponents (0ms)
	FinalizeReload (447ms)
		ReleaseScriptCaches (0ms)
		RebuildScriptCaches (0ms)
		SetupLoadedEditorAssemblies (406ms)
			LogAssemblyErrors (0ms)
			InitializePlatformSupportModulesInManaged (284ms)
			SetLoadedEditorAssemblies (3ms)
			RefreshPlugins (0ms)
			BeforeProcessingInitializeOnLoad (2ms)
			ProcessInitializeOnLoadAttributes (85ms)
			ProcessInitializeOnLoadMethodAttributes (32ms)
			AfterProcessingInitializeOnLoad (0ms)
			EditorAssembliesLoaded (0ms)
		ExecutionOrderSort2 (0ms)
		AwakeInstancesAfterBackupRestoration (0ms)
========================================================================
Worker process is ready to serve import requests
Begin MonoManager ReloadAssembly
Symbol file LoadedFromMemory is not a mono symbol file
- Loaded All Assemblies, in  0.514 seconds
Refreshing native plugins compatible for Editor in 3.88 ms, found 4 plugins.
Native extension for UWP target not found
Native extension for WindowsStandalone target not found
Native extension for iOS target not found
Native extension for Android target not found
Native extension for WebGL target not found
Package Manager log level set to [2]
[Package Manager] Server::EnsureServerProcessIsRunning -- launch failed, reason: Unity was launched with the -noUpm command-line argument
[Package Manager] UpmClient::Send -- Unable to send message (not connected to UPM process).
[Package Manager] Cannot connect to Unity Package Manager local server
Mono: successfully reloaded assembly
- Finished resetting the current domain, in  0.457 seconds
Domain Reload Profiling: 970ms
	BeginReloadAssembly (107ms)
		ExecutionOrderSort (0ms)
		DisableScriptedObjects (4ms)
		BackupInstance (0ms)
		ReleaseScriptingObjects (0ms)
		CreateAndSetChildDomain (18ms)
	RebuildCommonClasses (22ms)
	RebuildNativeTypeToScriptingClass (7ms)
	initialDomainReloadingComplete (29ms)
	LoadAllAssembliesAndSetupDomain (347ms)
		LoadAssemblies (255ms)
		RebuildTransferFunctionScriptingTraits (0ms)
		AnalyzeDomain (153ms)
			TypeCache.Refresh (130ms)
				TypeCache.ScanAssembly (112ms)
			ScanForSourceGeneratedMonoScriptInfo (19ms)
			ResolveRequiredComponents (3ms)
	FinalizeReload (457ms)
		ReleaseScriptCaches (0ms)
		RebuildScriptCaches (0ms)
		SetupLoadedEditorAssemblies (331ms)
			LogAssemblyErrors (0ms)
			InitializePlatformSupportModulesInManaged (29ms)
			SetLoadedEditorAssemblies (3ms)
			RefreshPlugins (0ms)
			BeforeProcessingInitializeOnLoad (49ms)
			ProcessInitializeOnLoadAttributes (221ms)
			ProcessInitializeOnLoadMethodAttributes (28ms)
			AfterProcessingInitializeOnLoad (2ms)
			EditorAssembliesLoaded (0ms)
		ExecutionOrderSort2 (0ms)
		AwakeInstancesAfterBackupRestoration (4ms)
Launched and connected shader compiler UnityShaderCompiler.exe after 0.04 seconds
Refreshing native plugins compatible for Editor in 3.26 ms, found 4 plugins.
Preloading 0 native plugins for Editor in 0.00 ms.
Unloading 4095 Unused Serialized files (Serialized files now loaded: 0)
Unloading 76 unused Assets / (66.0 KB). Loaded Objects now: 4557.
Memory consumption went from 156.4 MB to 156.4 MB.
Total: 3.125000 ms (FindLiveObjects: 0.249400 ms CreateObjectMapping: 0.164600 ms MarkObjects: 2.578900 ms  DeleteObjects: 0.131600 ms)

AssetImportParameters requested are different than current active one (requested -> active):
  custom:container-demuxer-ogg: 62fdf1f143b41e24485cea50d1cbac27 -> 
  custom:scripting/monoscript/fileName/CoinsController.cs: 1b30d4e8ec2dc478e1a2335cc20106f9 -> 86615b82d72d175186b135cbd745b50f
  custom:scripting/monoscript/fileName/GameManager.cs: 7330a4a90ab8c216a80d8a157c1bb74e -> 9933fbcc6190e2a9171c2ec8808a053e
  custom:scripting/monoscript/fileName/UnlockNextCastleButton.cs: eb7c733e913e598e7101960fed6be871 -> 1d8f0656f323168e106744cf06092c88
  custom:video-decoder-ogg-theora: a1e56fd34408186e4bbccfd4996cb3dc -> 
  custom:scripting/monoscript/fileName/CastleUpgrade.cs: 49b80ccc2c963146c287473032e349e1 -> 30704728710ab42fe682d38cd90ecc7e
  custom:framework-win-MediaFoundation: 216162199b28c13a410421893ffa2e32 -> 
  custom:scripting/monoscript/fileName/AssetsObfuscator.cs: 2828b42d9d4b616f36b41ce0827c2cdc -> 
  custom:scripting/monoscript/fileName/Cutted.cs: 085c52fa22382b028730076ecd6f47ce -> c717432cb4b76495440f53d629ca4d83
  custom:scripting/monoscript/fileName/Plane.cs: dfd39ebb5fdea9d1a10f4dba007371de -> ff0176e27e9d75fda9c4eafa776d5ace
  custom:CustomObjectIndexerAttribute: 43b350a4d6e6d1791af0b5038c4bea17 -> 
  custom:scripting/monoscript/fileName/UIManager.cs: 57724e77908c1fb25747e98c23366ff8 -> 2595dc2cbd41cc2d023a3ebb28d87e9e
  custom:scripting/monoscript/fileName/ButtonLessonController.cs: dca91f4de7fccf308b440874473574c6 -> 74b52eacbbd73a8872c28fdb5a2ee44a
  custom:container-demuxer-webm: 4f35f7cbe854078d1ac9338744f61a02 -> 
  custom:container-muxer-webm: aa71ff27fc2769a1b78a27578f13a17b -> 
  custom:video-decoder-webm-vp8: 9c59270c3fd7afecdb556c50c9e8de78 -> 
  custom:SearchIndexIgnoredProperties: e643bd26f0fe6173181afceb89e7c659 -> 
  custom:AudioImporter_EditorPlatform: d09bf68614088b80899f8185d706f6e7 -> 
  custom:scripting/monoscript/fileName/StartPanel.cs: a4808055277a3c414872a927656a737b -> c259f80b255e5f3dc4577d005af09e50
  custom:scripting/monoscript/fileName/BackgroundCanvas.cs: a0a0b51c68cf893933c8b076f3defb78 -> 96f62e80b9a5b04c087f0865dab7e9d6
  custom:scripting/monoscript/fileName/CameraManager.cs: e04d03c25e241e3ac60525cfe99966fa -> efa49515d521c118282ca7f85f908717
  custom:scripting/monoscript/fileName/BottomPanelManager.cs: f9e394e89f7653e5979a6965e2139230 -> 2985d7fd1b418ed07dc2424e7db8806d
  custom:scripting/monoscript/fileName/ColorManager.cs: 967e0255c7c5bc0a4ab2d426965d231a -> f33c5f3f5d05c3f17bdff57a52fbdf82
  custom:scripting/monoscript/fileName/Animation_Arrow.cs: 2c8e479d656e61758dec143be7d452ba -> bc3b165161252dfe9dd0b45b57a04cfb
  custom:scripting/monoscript/fileName/CastleManager.cs: 6170904697db56232ad644ba4b40109a -> 8b59301a6ce16382575207951cd7c7d5
  custom:scripting/monoscript/fileName/Castle.cs: b01e0d6a7341656612164e6cc573b30c -> a7bbe315bb612871dd7ca868c86b90cc
  custom:scripting/monoscript/fileName/UpgradePopup.cs: 0a7e77e13ac3581a5912be2490f05c13 -> 8a9d58ec6b9216a594689cea5d5a19e0
  custom:video-encoder-webm-vp8: eb34c28f22e8b96e1ab97ce403110664 -> 
  custom:scripting/monoscript/fileName/TutorialPanel.cs: afc68be299170ca6b0629c3822839884 -> 6d857e2d74239cb2977ab602ad26b2f6
  custom:audio-decoder-ogg-vorbis: bf7c407c2cedff20999df2af8eb42d56 -> 
  custom:scripting/monoscript/fileName/PopupAnimation.cs: d622ef3e1efb31614179a85dfdaaa2c8 -> a5f58fca68809c512ff619983394f4f2
  custom:scripting/monoscript/fileName/SceneObfuscator.cs: 55ca8243b7e81e172134ed7feb8cf95a -> 
  custom:scripting/monoscript/fileName/TitleManager.cs: df4418cfe13b0cf3dd01ae95dec0130a -> 977b2d3443a5ded17851506539ac8d20
  custom:scripting/monoscript/fileName/Upgrade.cs: 721b07d314eb6b55d05e921500cbf1ef -> 6325e3c8acc1fd5e174ad121f46b4d00
  custom:audio-encoder-webm-vorbis: bf7c407c2cedff20999df2af8eb42d56 -> 
  custom:scripting/monoscript/fileName/ScoreManager.cs: 978f2add6d72472d5ee80e41aa7d6e21 -> 2117df56b7ba23abd331d761e713022a
  custom:scripting/monoscript/fileName/StackManager.cs: 57059f2e40d016856445de0429176a08 -> df3f538f10f410b06e4f3ebcae8a7c24
  custom:scripting/monoscript/fileName/Dynamic.cs: ad2780409c879d1c9bde1f8ddcbe1fa8 -> 83f2d14b34e9c83c7acbcef253c4f819
  custom:scripting/monoscript/fileName/LevelsPanel.cs: f5c2affa0cebe4d46e81d2ee399730b2 -> 23b11d22f7890a8420f9070bdca5e72c
========================================================================
Received Prepare
Begin MonoManager ReloadAssembly
Symbol file LoadedFromMemory is not a mono symbol file
- Loaded All Assemblies, in  0.406 seconds
Refreshing native plugins compatible for Editor in 3.49 ms, found 4 plugins.
Native extension for UWP target not found
Native extension for WindowsStandalone target not found
Native extension for iOS target not found
Native extension for Android target not found
Native extension for WebGL target not found
[Package Manager] Server::EnsureServerProcessIsRunning -- launch failed, reason: Unity was launched with the -noUpm command-line argument
[Package Manager] UpmClient::Send -- Unable to send message (not connected to UPM process).
[Package Manager] Cannot connect to Unity Package Manager local server
Mono: successfully reloaded assembly
- Finished resetting the current domain, in  0.747 seconds
Domain Reload Profiling: 1152ms
	BeginReloadAssembly (135ms)
		ExecutionOrderSort (0ms)
		DisableScriptedObjects (10ms)
		BackupInstance (0ms)
		ReleaseScriptingObjects (0ms)
		CreateAndSetChildDomain (34ms)
	RebuildCommonClasses (28ms)
	RebuildNativeTypeToScriptingClass (8ms)
	initialDomainReloadingComplete (21ms)
	LoadAllAssembliesAndSetupDomain (213ms)
		LoadAssemblies (269ms)
		RebuildTransferFunctionScriptingTraits (0ms)
		AnalyzeDomain (12ms)
			TypeCache.Refresh (7ms)
				TypeCache.ScanAssembly (0ms)
			ScanForSourceGeneratedMonoScriptInfo (0ms)
			ResolveRequiredComponents (4ms)
	FinalizeReload (747ms)
		ReleaseScriptCaches (0ms)
		RebuildScriptCaches (0ms)
		SetupLoadedEditorAssemblies (359ms)
			LogAssemblyErrors (0ms)
			InitializePlatformSupportModulesInManaged (27ms)
			SetLoadedEditorAssemblies (4ms)
			RefreshPlugins (0ms)
			BeforeProcessingInitializeOnLoad (53ms)
			ProcessInitializeOnLoadAttributes (243ms)
			ProcessInitializeOnLoadMethodAttributes (29ms)
			AfterProcessingInitializeOnLoad (3ms)
			EditorAssembliesLoaded (0ms)
		ExecutionOrderSort2 (0ms)
		AwakeInstancesAfterBackupRestoration (10ms)
Refreshing native plugins compatible for Editor in 3.83 ms, found 4 plugins.
Preloading 0 native plugins for Editor in 0.00 ms.
Unloading 4069 Unused Serialized files (Serialized files now loaded: 0)
Unloading 48 unused Assets / (39.9 KB). Loaded Objects now: 4562.
Memory consumption went from 151.2 MB to 151.1 MB.
Total: 3.319100 ms (FindLiveObjects: 0.295000 ms CreateObjectMapping: 0.214600 ms MarkObjects: 2.737000 ms  DeleteObjects: 0.071900 ms)

Prepare: number of updated asset objects reloaded= 0
AssetImportParameters requested are different than current active one (requested -> active):
  custom:container-demuxer-ogg: 62fdf1f143b41e24485cea50d1cbac27 -> 
  custom:scripting/monoscript/fileName/CoinsController.cs: 1b30d4e8ec2dc478e1a2335cc20106f9 -> 86615b82d72d175186b135cbd745b50f
  custom:scripting/monoscript/fileName/GameManager.cs: 7330a4a90ab8c216a80d8a157c1bb74e -> 9933fbcc6190e2a9171c2ec8808a053e
  custom:scripting/monoscript/fileName/UnlockNextCastleButton.cs: eb7c733e913e598e7101960fed6be871 -> 1d8f0656f323168e106744cf06092c88
  custom:video-decoder-ogg-theora: a1e56fd34408186e4bbccfd4996cb3dc -> 
  custom:scripting/monoscript/fileName/CastleUpgrade.cs: 49b80ccc2c963146c287473032e349e1 -> 30704728710ab42fe682d38cd90ecc7e
  custom:framework-win-MediaFoundation: 216162199b28c13a410421893ffa2e32 -> 
  custom:scripting/monoscript/fileName/AssetsObfuscator.cs: 2828b42d9d4b616f36b41ce0827c2cdc -> 
  custom:scripting/monoscript/fileName/Cutted.cs: 085c52fa22382b028730076ecd6f47ce -> c717432cb4b76495440f53d629ca4d83
  custom:scripting/monoscript/fileName/Plane.cs: dfd39ebb5fdea9d1a10f4dba007371de -> ff0176e27e9d75fda9c4eafa776d5ace
  custom:CustomObjectIndexerAttribute: 43b350a4d6e6d1791af0b5038c4bea17 -> 
  custom:scripting/monoscript/fileName/UIManager.cs: 57724e77908c1fb25747e98c23366ff8 -> 2595dc2cbd41cc2d023a3ebb28d87e9e
  custom:scripting/monoscript/fileName/ButtonLessonController.cs: dca91f4de7fccf308b440874473574c6 -> 74b52eacbbd73a8872c28fdb5a2ee44a
  custom:container-demuxer-webm: 4f35f7cbe854078d1ac9338744f61a02 -> 
  custom:container-muxer-webm: aa71ff27fc2769a1b78a27578f13a17b -> 
  custom:video-decoder-webm-vp8: 9c59270c3fd7afecdb556c50c9e8de78 -> 
  custom:SearchIndexIgnoredProperties: e643bd26f0fe6173181afceb89e7c659 -> 
  custom:AudioImporter_EditorPlatform: d09bf68614088b80899f8185d706f6e7 -> 
  custom:scripting/monoscript/fileName/StartPanel.cs: a4808055277a3c414872a927656a737b -> c259f80b255e5f3dc4577d005af09e50
  custom:scripting/monoscript/fileName/BackgroundCanvas.cs: a0a0b51c68cf893933c8b076f3defb78 -> 96f62e80b9a5b04c087f0865dab7e9d6
  custom:scripting/monoscript/fileName/CameraManager.cs: e04d03c25e241e3ac60525cfe99966fa -> efa49515d521c118282ca7f85f908717
  custom:scripting/monoscript/fileName/BottomPanelManager.cs: f9e394e89f7653e5979a6965e2139230 -> 2985d7fd1b418ed07dc2424e7db8806d
  custom:scripting/monoscript/fileName/ColorManager.cs: 967e0255c7c5bc0a4ab2d426965d231a -> f33c5f3f5d05c3f17bdff57a52fbdf82
  custom:scripting/monoscript/fileName/Animation_Arrow.cs: 2c8e479d656e61758dec143be7d452ba -> bc3b165161252dfe9dd0b45b57a04cfb
  custom:scripting/monoscript/fileName/CastleManager.cs: 6170904697db56232ad644ba4b40109a -> 8b59301a6ce16382575207951cd7c7d5
  custom:scripting/monoscript/fileName/Castle.cs: b01e0d6a7341656612164e6cc573b30c -> a7bbe315bb612871dd7ca868c86b90cc
  custom:scripting/monoscript/fileName/UpgradePopup.cs: 0a7e77e13ac3581a5912be2490f05c13 -> 8a9d58ec6b9216a594689cea5d5a19e0
  custom:video-encoder-webm-vp8: eb34c28f22e8b96e1ab97ce403110664 -> 
  custom:scripting/monoscript/fileName/TutorialPanel.cs: afc68be299170ca6b0629c3822839884 -> 6d857e2d74239cb2977ab602ad26b2f6
  custom:audio-decoder-ogg-vorbis: bf7c407c2cedff20999df2af8eb42d56 -> 
  custom:scripting/monoscript/fileName/PopupAnimation.cs: d622ef3e1efb31614179a85dfdaaa2c8 -> a5f58fca68809c512ff619983394f4f2
  custom:scripting/monoscript/fileName/SceneObfuscator.cs: 55ca8243b7e81e172134ed7feb8cf95a -> 
  custom:scripting/monoscript/fileName/TitleManager.cs: df4418cfe13b0cf3dd01ae95dec0130a -> 977b2d3443a5ded17851506539ac8d20
  custom:scripting/monoscript/fileName/Upgrade.cs: 721b07d314eb6b55d05e921500cbf1ef -> 6325e3c8acc1fd5e174ad121f46b4d00
  custom:audio-encoder-webm-vorbis: bf7c407c2cedff20999df2af8eb42d56 -> 
  custom:scripting/monoscript/fileName/ScoreManager.cs: 978f2add6d72472d5ee80e41aa7d6e21 -> 2117df56b7ba23abd331d761e713022a
  custom:scripting/monoscript/fileName/StackManager.cs: 57059f2e40d016856445de0429176a08 -> df3f538f10f410b06e4f3ebcae8a7c24
  custom:scripting/monoscript/fileName/Dynamic.cs: ad2780409c879d1c9bde1f8ddcbe1fa8 -> 83f2d14b34e9c83c7acbcef253c4f819
  custom:scripting/monoscript/fileName/LevelsPanel.cs: f5c2affa0cebe4d46e81d2ee399730b2 -> 23b11d22f7890a8420f9070bdca5e72c
========================================================================
Received Prepare
Refreshing native plugins compatible for Editor in 3.30 ms, found 4 plugins.
Preloading 0 native plugins for Editor in 0.00 ms.
Unloading 1 Unused Serialized files (Serialized files now loaded: 0)
Unloading 1 unused Assets / (3.0 KB). Loaded Objects now: 4562.
Memory consumption went from 89.0 MB to 89.0 MB.
Total: 2.958100 ms (FindLiveObjects: 0.258600 ms CreateObjectMapping: 0.085700 ms MarkObjects: 2.599700 ms  DeleteObjects: 0.013600 ms)

Prepare: number of updated asset objects reloaded= 0
AssetImportParameters requested are different than current active one (requested -> active):
  custom:container-demuxer-ogg: 62fdf1f143b41e24485cea50d1cbac27 -> 
  custom:scripting/monoscript/fileName/CoinsController.cs: 1b30d4e8ec2dc478e1a2335cc20106f9 -> 86615b82d72d175186b135cbd745b50f
  custom:scripting/monoscript/fileName/GameManager.cs: 7330a4a90ab8c216a80d8a157c1bb74e -> 9933fbcc6190e2a9171c2ec8808a053e
  custom:scripting/monoscript/fileName/UnlockNextCastleButton.cs: eb7c733e913e598e7101960fed6be871 -> 1d8f0656f323168e106744cf06092c88
  custom:video-decoder-ogg-theora: a1e56fd34408186e4bbccfd4996cb3dc -> 
  custom:scripting/monoscript/fileName/CastleUpgrade.cs: 49b80ccc2c963146c287473032e349e1 -> 30704728710ab42fe682d38cd90ecc7e
  custom:framework-win-MediaFoundation: 216162199b28c13a410421893ffa2e32 -> 
  custom:scripting/monoscript/fileName/AssetsObfuscator.cs: 2828b42d9d4b616f36b41ce0827c2cdc -> 
  custom:scripting/monoscript/fileName/Cutted.cs: 085c52fa22382b028730076ecd6f47ce -> c717432cb4b76495440f53d629ca4d83
  custom:scripting/monoscript/fileName/Plane.cs: dfd39ebb5fdea9d1a10f4dba007371de -> ff0176e27e9d75fda9c4eafa776d5ace
  custom:CustomObjectIndexerAttribute: 43b350a4d6e6d1791af0b5038c4bea17 -> 
  custom:scripting/monoscript/fileName/UIManager.cs: 57724e77908c1fb25747e98c23366ff8 -> 2595dc2cbd41cc2d023a3ebb28d87e9e
  custom:scripting/monoscript/fileName/ButtonLessonController.cs: dca91f4de7fccf308b440874473574c6 -> 74b52eacbbd73a8872c28fdb5a2ee44a
  custom:container-demuxer-webm: 4f35f7cbe854078d1ac9338744f61a02 -> 
  custom:container-muxer-webm: aa71ff27fc2769a1b78a27578f13a17b -> 
  custom:video-decoder-webm-vp8: 9c59270c3fd7afecdb556c50c9e8de78 -> 
  custom:SearchIndexIgnoredProperties: e643bd26f0fe6173181afceb89e7c659 -> 
  custom:AudioImporter_EditorPlatform: d09bf68614088b80899f8185d706f6e7 -> 
  custom:scripting/monoscript/fileName/StartPanel.cs: a4808055277a3c414872a927656a737b -> c259f80b255e5f3dc4577d005af09e50
  custom:scripting/monoscript/fileName/BackgroundCanvas.cs: a0a0b51c68cf893933c8b076f3defb78 -> 96f62e80b9a5b04c087f0865dab7e9d6
  custom:scripting/monoscript/fileName/CameraManager.cs: e04d03c25e241e3ac60525cfe99966fa -> efa49515d521c118282ca7f85f908717
  custom:scripting/monoscript/fileName/BottomPanelManager.cs: f9e394e89f7653e5979a6965e2139230 -> 2985d7fd1b418ed07dc2424e7db8806d
  custom:scripting/monoscript/fileName/ColorManager.cs: 967e0255c7c5bc0a4ab2d426965d231a -> f33c5f3f5d05c3f17bdff57a52fbdf82
  custom:scripting/monoscript/fileName/Animation_Arrow.cs: 2c8e479d656e61758dec143be7d452ba -> bc3b165161252dfe9dd0b45b57a04cfb
  custom:scripting/monoscript/fileName/CastleManager.cs: 6170904697db56232ad644ba4b40109a -> 8b59301a6ce16382575207951cd7c7d5
  custom:scripting/monoscript/fileName/Castle.cs: b01e0d6a7341656612164e6cc573b30c -> a7bbe315bb612871dd7ca868c86b90cc
  custom:scripting/monoscript/fileName/UpgradePopup.cs: 0a7e77e13ac3581a5912be2490f05c13 -> 8a9d58ec6b9216a594689cea5d5a19e0
  custom:video-encoder-webm-vp8: eb34c28f22e8b96e1ab97ce403110664 -> 
  custom:scripting/monoscript/fileName/TutorialPanel.cs: afc68be299170ca6b0629c3822839884 -> 6d857e2d74239cb2977ab602ad26b2f6
  custom:audio-decoder-ogg-vorbis: bf7c407c2cedff20999df2af8eb42d56 -> 
  custom:scripting/monoscript/fileName/PopupAnimation.cs: d622ef3e1efb31614179a85dfdaaa2c8 -> a5f58fca68809c512ff619983394f4f2
  custom:scripting/monoscript/fileName/SceneObfuscator.cs: 55ca8243b7e81e172134ed7feb8cf95a -> 
  custom:scripting/monoscript/fileName/TitleManager.cs: df4418cfe13b0cf3dd01ae95dec0130a -> 977b2d3443a5ded17851506539ac8d20
  custom:scripting/monoscript/fileName/Upgrade.cs: 721b07d314eb6b55d05e921500cbf1ef -> 6325e3c8acc1fd5e174ad121f46b4d00
  custom:audio-encoder-webm-vorbis: bf7c407c2cedff20999df2af8eb42d56 -> 
  custom:scripting/monoscript/fileName/ScoreManager.cs: 978f2add6d72472d5ee80e41aa7d6e21 -> 2117df56b7ba23abd331d761e713022a
  custom:scripting/monoscript/fileName/StackManager.cs: 57059f2e40d016856445de0429176a08 -> df3f538f10f410b06e4f3ebcae8a7c24
  custom:scripting/monoscript/fileName/Dynamic.cs: ad2780409c879d1c9bde1f8ddcbe1fa8 -> 83f2d14b34e9c83c7acbcef253c4f819
  custom:scripting/monoscript/fileName/LevelsPanel.cs: f5c2affa0cebe4d46e81d2ee399730b2 -> 23b11d22f7890a8420f9070bdca5e72c
